# JRE version: OpenJDK Runtime Environment (11.0.15) (build 11.0.15+0-b2043.56-9505619)
# Java VM: OpenJDK 64-Bit Server VM (11.0.15+0-b2043.56-9505619, mixed mode, tiered, compressed oops, g1 gc, windows-amd64)
Heap:
 garbage-first heap   total 533504K, used 138220K [0x0000000080000000, 0x0000000100000000)
  region size 1024K, 3 young (3072K), 3 survivors (3072K)
 Metaspace       used 140911K, capacity 145552K, committed 146352K, reserved 1175552K
  class space    used 17463K, capacity 19173K, committed 19712K, reserved 1048576K
GC Heap History (20 events):
Event: 5482.307 GC heap after
{Heap after GC invocations=112 (full 0):
 garbage-first heap   total 273408K, used 125243K [0x0000000080000000, 0x0000000100000000)
  region size 1024K, 13 young (13312K), 13 survivors (13312K)
 Metaspace       used 139234K, capacity 143731K, committed 144560K, reserved 1173504K
  class space    used 17401K, capacity 19108K, committed 19712K, reserved 1048576K
}
Event: 5482.326 GC heap before
{Heap before GC invocations=112 (full 0):
 garbage-first heap   total 273408K, used 126267K [0x0000000080000000, 0x0000000100000000)
  region size 1024K, 14 young (14336K), 13 survivors (13312K)
 Metaspace       used 139244K, capacity 143795K, committed 144816K, reserved 1175552K
  class space    used 17403K, capacity 19108K, committed 19712K, reserved 1048576K
}
Event: 5482.350 GC heap after
{Heap after GC invocations=113 (full 0):
 garbage-first heap   total 273408K, used 122947K [0x0000000080000000, 0x0000000100000000)
  region size 1024K, 2 young (2048K), 2 survivors (2048K)
 Metaspace       used 139244K, capacity 143795K, committed 144816K, reserved 1175552K
  class space    used 17403K, capacity 19108K, committed 19712K, reserved 1048576K
}
Event: 5482.669 GC heap before
{Heap before GC invocations=113 (full 0):
 garbage-first heap   total 273408K, used 215107K [0x0000000080000000, 0x0000000100000000)
  region size 1024K, 93 young (95232K), 2 survivors (2048K)
 Metaspace       used 139558K, capacity 144081K, committed 144816K, reserved 1175552K
  class space    used 17434K, capacity 19137K, committed 19712K, reserved 1048576K
}
Event: 5482.682 GC heap after
{Heap after GC invocations=114 (full 0):
 garbage-first heap   total 273408K, used 128470K [0x0000000080000000, 0x0000000100000000)
  region size 1024K, 8 young (8192K), 8 survivors (8192K)
 Metaspace       used 139558K, capacity 144081K, committed 144816K, reserved 1175552K
  class space    used 17434K, capacity 19137K, committed 19712K, reserved 1048576K
}
Event: 5483.187 GC heap before
{Heap before GC invocations=115 (full 0):
 garbage-first heap   total 273408K, used 217558K [0x0000000080000000, 0x0000000100000000)
  region size 1024K, 96 young (98304K), 8 survivors (8192K)
 Metaspace       used 139686K, capacity 144191K, committed 145072K, reserved 1175552K
  class space    used 17424K, capacity 19127K, committed 19712K, reserved 1048576K
}
Event: 5483.227 GC heap after
{Heap after GC invocations=116 (full 0):
 garbage-first heap   total 273408K, used 129908K [0x0000000080000000, 0x0000000100000000)
  region size 1024K, 2 young (2048K), 2 survivors (2048K)
 Metaspace       used 139686K, capacity 144191K, committed 145072K, reserved 1175552K
  class space    used 17424K, capacity 19127K, committed 19712K, reserved 1048576K
}
Event: 5483.274 GC heap before
{Heap before GC invocations=116 (full 0):
 garbage-first heap   total 273408K, used 141172K [0x0000000080000000, 0x0000000100000000)
  region size 1024K, 13 young (13312K), 2 survivors (2048K)
 Metaspace       used 139708K, capacity 144195K, committed 145072K, reserved 1175552K
  class space    used 17425K, capacity 19128K, committed 19712K, reserved 1048576K
}
Event: 5483.294 GC heap after
{Heap after GC invocations=117 (full 0):
 garbage-first heap   total 273408K, used 130092K [0x0000000080000000, 0x0000000100000000)
  region size 1024K, 1 young (1024K), 1 survivors (1024K)
 Metaspace       used 139708K, capacity 144195K, committed 145072K, reserved 1175552K
  class space    used 17425K, capacity 19128K, committed 19712K, reserved 1048576K
}
Event: 5483.791 GC heap before
{Heap before GC invocations=117 (full 0):
 garbage-first heap   total 273408K, used 222252K [0x0000000080000000, 0x0000000100000000)
  region size 1024K, 92 young (94208K), 1 survivors (1024K)
 Metaspace       used 140028K, capacity 144551K, committed 145328K, reserved 1175552K
  class space    used 17432K, capacity 19135K, committed 19712K, reserved 1048576K
}
Event: 5483.858 GC heap after
{Heap after GC invocations=118 (full 0):
 garbage-first heap   total 328704K, used 131202K [0x0000000080000000, 0x0000000100000000)
  region size 1024K, 2 young (2048K), 2 survivors (2048K)
 Metaspace       used 140028K, capacity 144551K, committed 145328K, reserved 1175552K
  class space    used 17432K, capacity 19135K, committed 19712K, reserved 1048576K
}
Event: 5484.988 GC heap before
{Heap before GC invocations=119 (full 0):
 garbage-first heap   total 328704K, used 257154K [0x0000000080000000, 0x0000000100000000)
  region size 1024K, 126 young (129024K), 2 survivors (2048K)
 Metaspace       used 140590K, capacity 145137K, committed 145840K, reserved 1175552K
  class space    used 17439K, capacity 19145K, committed 19712K, reserved 1048576K
}
Event: 5485.004 GC heap after
{Heap after GC invocations=120 (full 0):
 garbage-first heap   total 328704K, used 136518K [0x0000000080000000, 0x0000000100000000)
  region size 1024K, 7 young (7168K), 7 survivors (7168K)
 Metaspace       used 140590K, capacity 145137K, committed 145840K, reserved 1175552K
  class space    used 17439K, capacity 19145K, committed 19712K, reserved 1048576K
}
Event: 5485.236 GC heap before
{Heap before GC invocations=120 (full 0):
 garbage-first heap   total 328704K, used 267590K [0x0000000080000000, 0x0000000100000000)
  region size 1024K, 136 young (139264K), 7 survivors (7168K)
 Metaspace       used 140704K, capacity 145295K, committed 146096K, reserved 1175552K
  class space    used 17444K, capacity 19153K, committed 19712K, reserved 1048576K
}
Event: 5485.251 GC heap after
{Heap after GC invocations=121 (full 0):
 garbage-first heap   total 328704K, used 135328K [0x0000000080000000, 0x0000000100000000)
  region size 1024K, 6 young (6144K), 6 survivors (6144K)
 Metaspace       used 140704K, capacity 145295K, committed 146096K, reserved 1175552K
  class space    used 17444K, capacity 19153K, committed 19712K, reserved 1048576K
}
Event: 5485.657 GC heap before
{Heap before GC invocations=122 (full 0):
 garbage-first heap   total 328704K, used 268448K [0x0000000080000000, 0x0000000100000000)
  region size 1024K, 137 young (140288K), 6 survivors (6144K)
 Metaspace       used 140806K, capacity 145391K, committed 146096K, reserved 1175552K
  class space    used 17453K, capacity 19163K, committed 19712K, reserved 1048576K
}
Event: 5485.663 GC heap after
{Heap after GC invocations=123 (full 0):
 garbage-first heap   total 328704K, used 138299K [0x0000000080000000, 0x0000000100000000)
  region size 1024K, 9 young (9216K), 9 survivors (9216K)
 Metaspace       used 140806K, capacity 145391K, committed 146096K, reserved 1175552K
  class space    used 17453K, capacity 19163K, committed 19712K, reserved 1048576K
}
Event: 5485.674 GC heap before
{Heap before GC invocations=123 (full 0):
 garbage-first heap   total 328704K, used 145467K [0x0000000080000000, 0x0000000100000000)
  region size 1024K, 16 young (16384K), 9 survivors (9216K)
 Metaspace       used 140836K, capacity 145407K, committed 146096K, reserved 1175552K
  class space    used 17458K, capacity 19169K, committed 19712K, reserved 1048576K
}
Event: 5485.727 GC heap after
{Heap after GC invocations=124 (full 0):
 garbage-first heap   total 328704K, used 137371K [0x0000000080000000, 0x0000000100000000)
  region size 1024K, 2 young (2048K), 2 survivors (2048K)
 Metaspace       used 140836K, capacity 145407K, committed 146096K, reserved 1175552K
  class space    used 17458K, capacity 19169K, committed 19712K, reserved 1048576K
}
Event: 5485.938 GC heap before
{Heap before GC invocations=124 (full 0):
 garbage-first heap   total 328704K, used 272539K [0x0000000080000000, 0x0000000100000000)
  region size 1024K, 134 young (137216K), 2 survivors (2048K)
 Metaspace       used 140911K, capacity 145552K, committed 146352K, reserved 1175552K
  class space    used 17463K, capacity 19173K, committed 19712K, reserved 1048576K
}

